F:\VS WORKSPACE\入门练习\SAMPLE\SAMPLE\X64\DEBUG\ROI.OBJ
F:\VS WORKSPACE\入门练习\SAMPLE\SAMPLE\X64\DEBUG\VC110.PDB
F:\VS WORKSPACE\入门练习\SAMPLE\SAMPLE\X64\DEBUG\SPLITANDMERGE.OBJ
F:\VS WORKSPACE\入门练习\SAMPLE\SAMPLE\X64\DEBUG\TRACKBARBRIGHTANDCONTRAST.OBJ
F:\VS WORKSPACE\入门练习\SAMPLE\SAMPLE\X64\DEBUG\LINNERBBLUR.OBJ
F:\VS WORKSPACE\入门练习\SAMPLE\SAMPLE\X64\DEBUG\BLUR.OBJ
F:\VS WORKSPACE\入门练习\SAMPLE\SAMPLE\X64\DEBUG\DILATEANDERODE.OBJ
F:\VS WORKSPACE\入门练习\SAMPLE\SAMPLE\X64\DEBUG\MORPHOLOGY.OBJ
F:\VS WORKSPACE\入门练习\SAMPLE\SAMPLE\X64\DEBUG\EDGEDETECT.OBJ
F:\VS WORKSPACE\入门练习\SAMPLE\SAMPLE\X64\DEBUG\SIZE.OBJ
F:\VS WORKSPACE\入门练习\SAMPLE\SAMPLE\X64\DEBUG\TEST.OBJ
F:\VS WORKSPACE\入门练习\SAMPLE\X64\DEBUG\SAMPLE.ILK
F:\VS WORKSPACE\入门练习\SAMPLE\X64\DEBUG\SAMPLE.EXE
F:\VS WORKSPACE\入门练习\SAMPLE\X64\DEBUG\SAMPLE.PDB
F:\VS WorkSpace\入门练习\Sample\Sample\x64\Debug\Blur.obj
F:\VS WorkSpace\入门练习\Sample\Sample\x64\Debug\DilateAndErode.obj
F:\VS WorkSpace\入门练习\Sample\Sample\x64\Debug\EdgeDetect.obj
F:\VS WorkSpace\入门练习\Sample\Sample\x64\Debug\LinnerBBlur.obj
F:\VS WorkSpace\入门练习\Sample\Sample\x64\Debug\Morphology.obj
F:\VS WorkSpace\入门练习\Sample\Sample\x64\Debug\ROI.obj
F:\VS WorkSpace\入门练习\Sample\Sample\x64\Debug\Size.obj
F:\VS WorkSpace\入门练习\Sample\Sample\x64\Debug\SplitAndMerge.obj
F:\VS WorkSpace\入门练习\Sample\Sample\x64\Debug\Test.obj
F:\VS WorkSpace\入门练习\Sample\Sample\x64\Debug\TrackbarBrightAndContrast.obj
F:\VS WorkSpace\入门练习\Sample\Sample\x64\Debug\cl.command.1.tlog
F:\VS WorkSpace\入门练习\Sample\Sample\x64\Debug\CL.read.1.tlog
F:\VS WorkSpace\入门练习\Sample\Sample\x64\Debug\CL.write.1.tlog
F:\VS WorkSpace\入门练习\Sample\Sample\x64\Debug\link-cvtres.read.1.tlog
F:\VS WorkSpace\入门练习\Sample\Sample\x64\Debug\link-cvtres.write.1.tlog
F:\VS WorkSpace\入门练习\Sample\Sample\x64\Debug\link-rc.read.1.tlog
F:\VS WorkSpace\入门练习\Sample\Sample\x64\Debug\link-rc.write.1.tlog
F:\VS WorkSpace\入门练习\Sample\Sample\x64\Debug\link.10220-cvtres.read.1.tlog
F:\VS WorkSpace\入门练习\Sample\Sample\x64\Debug\link.10220-cvtres.write.1.tlog
F:\VS WorkSpace\入门练习\Sample\Sample\x64\Debug\link.10220-rc.read.1.tlog
F:\VS WorkSpace\入门练习\Sample\Sample\x64\Debug\link.10220-rc.write.1.tlog
F:\VS WorkSpace\入门练习\Sample\Sample\x64\Debug\link.10220.read.1.tlog
F:\VS WorkSpace\入门练习\Sample\Sample\x64\Debug\link.10220.write.1.tlog
F:\VS WorkSpace\入门练习\Sample\Sample\x64\Debug\link.10376-cvtres.read.1.tlog
F:\VS WorkSpace\入门练习\Sample\Sample\x64\Debug\link.10376-cvtres.write.1.tlog
F:\VS WorkSpace\入门练习\Sample\Sample\x64\Debug\link.10376-rc.read.1.tlog
F:\VS WorkSpace\入门练习\Sample\Sample\x64\Debug\link.10376-rc.write.1.tlog
F:\VS WorkSpace\入门练习\Sample\Sample\x64\Debug\link.10376.read.1.tlog
F:\VS WorkSpace\入门练习\Sample\Sample\x64\Debug\link.10376.write.1.tlog
F:\VS WorkSpace\入门练习\Sample\Sample\x64\Debug\link.10568-cvtres.read.1.tlog
F:\VS WorkSpace\入门练习\Sample\Sample\x64\Debug\link.10568-cvtres.write.1.tlog
F:\VS WorkSpace\入门练习\Sample\Sample\x64\Debug\link.10568-rc.read.1.tlog
F:\VS WorkSpace\入门练习\Sample\Sample\x64\Debug\link.10568-rc.write.1.tlog
F:\VS WorkSpace\入门练习\Sample\Sample\x64\Debug\link.10568.read.1.tlog
F:\VS WorkSpace\入门练习\Sample\Sample\x64\Debug\link.10568.write.1.tlog
F:\VS WorkSpace\入门练习\Sample\Sample\x64\Debug\link.3412-cvtres.read.1.tlog
F:\VS WorkSpace\入门练习\Sample\Sample\x64\Debug\link.3412-cvtres.write.1.tlog
F:\VS WorkSpace\入门练习\Sample\Sample\x64\Debug\link.3412-rc.read.1.tlog
F:\VS WorkSpace\入门练习\Sample\Sample\x64\Debug\link.3412-rc.write.1.tlog
F:\VS WorkSpace\入门练习\Sample\Sample\x64\Debug\link.3412.read.1.tlog
F:\VS WorkSpace\入门练习\Sample\Sample\x64\Debug\link.3412.write.1.tlog
F:\VS WorkSpace\入门练习\Sample\Sample\x64\Debug\link.5092-cvtres.read.1.tlog
F:\VS WorkSpace\入门练习\Sample\Sample\x64\Debug\link.5092-cvtres.write.1.tlog
F:\VS WorkSpace\入门练习\Sample\Sample\x64\Debug\link.5092-rc.read.1.tlog
F:\VS WorkSpace\入门练习\Sample\Sample\x64\Debug\link.5092-rc.write.1.tlog
F:\VS WorkSpace\入门练习\Sample\Sample\x64\Debug\link.5092.read.1.tlog
F:\VS WorkSpace\入门练习\Sample\Sample\x64\Debug\link.5092.write.1.tlog
F:\VS WorkSpace\入门练习\Sample\Sample\x64\Debug\link.5668-cvtres.read.1.tlog
F:\VS WorkSpace\入门练习\Sample\Sample\x64\Debug\link.5668-cvtres.write.1.tlog
F:\VS WorkSpace\入门练习\Sample\Sample\x64\Debug\link.5668-rc.read.1.tlog
F:\VS WorkSpace\入门练习\Sample\Sample\x64\Debug\link.5668-rc.write.1.tlog
F:\VS WorkSpace\入门练习\Sample\Sample\x64\Debug\link.5668.read.1.tlog
F:\VS WorkSpace\入门练习\Sample\Sample\x64\Debug\link.5668.write.1.tlog
F:\VS WorkSpace\入门练习\Sample\Sample\x64\Debug\link.5676-cvtres.read.1.tlog
F:\VS WorkSpace\入门练习\Sample\Sample\x64\Debug\link.5676-cvtres.write.1.tlog
F:\VS WorkSpace\入门练习\Sample\Sample\x64\Debug\link.5676-rc.read.1.tlog
F:\VS WorkSpace\入门练习\Sample\Sample\x64\Debug\link.5676-rc.write.1.tlog
F:\VS WorkSpace\入门练习\Sample\Sample\x64\Debug\link.5676.read.1.tlog
F:\VS WorkSpace\入门练习\Sample\Sample\x64\Debug\link.5676.write.1.tlog
F:\VS WorkSpace\入门练习\Sample\Sample\x64\Debug\link.688-cvtres.read.1.tlog
F:\VS WorkSpace\入门练习\Sample\Sample\x64\Debug\link.688-cvtres.write.1.tlog
F:\VS WorkSpace\入门练习\Sample\Sample\x64\Debug\link.688-rc.read.1.tlog
F:\VS WorkSpace\入门练习\Sample\Sample\x64\Debug\link.688-rc.write.1.tlog
F:\VS WorkSpace\入门练习\Sample\Sample\x64\Debug\link.688.read.1.tlog
F:\VS WorkSpace\入门练习\Sample\Sample\x64\Debug\link.688.write.1.tlog
F:\VS WorkSpace\入门练习\Sample\Sample\x64\Debug\link.7596-cvtres.read.1.tlog
F:\VS WorkSpace\入门练习\Sample\Sample\x64\Debug\link.7596-cvtres.write.1.tlog
F:\VS WorkSpace\入门练习\Sample\Sample\x64\Debug\link.7596-rc.read.1.tlog
F:\VS WorkSpace\入门练习\Sample\Sample\x64\Debug\link.7596-rc.write.1.tlog
F:\VS WorkSpace\入门练习\Sample\Sample\x64\Debug\link.7596.read.1.tlog
F:\VS WorkSpace\入门练习\Sample\Sample\x64\Debug\link.7596.write.1.tlog
F:\VS WorkSpace\入门练习\Sample\Sample\x64\Debug\link.8236-cvtres.read.1.tlog
F:\VS WorkSpace\入门练习\Sample\Sample\x64\Debug\link.8236-cvtres.write.1.tlog
F:\VS WorkSpace\入门练习\Sample\Sample\x64\Debug\link.8236-rc.read.1.tlog
F:\VS WorkSpace\入门练习\Sample\Sample\x64\Debug\link.8236-rc.write.1.tlog
F:\VS WorkSpace\入门练习\Sample\Sample\x64\Debug\link.8236.read.1.tlog
F:\VS WorkSpace\入门练习\Sample\Sample\x64\Debug\link.8236.write.1.tlog
F:\VS WorkSpace\入门练习\Sample\Sample\x64\Debug\link.872-cvtres.read.1.tlog
F:\VS WorkSpace\入门练习\Sample\Sample\x64\Debug\link.872-cvtres.write.1.tlog
F:\VS WorkSpace\入门练习\Sample\Sample\x64\Debug\link.872-rc.read.1.tlog
F:\VS WorkSpace\入门练习\Sample\Sample\x64\Debug\link.872-rc.write.1.tlog
F:\VS WorkSpace\入门练习\Sample\Sample\x64\Debug\link.872.read.1.tlog
F:\VS WorkSpace\入门练习\Sample\Sample\x64\Debug\link.872.write.1.tlog
F:\VS WorkSpace\入门练习\Sample\Sample\x64\Debug\link.8968-cvtres.read.1.tlog
F:\VS WorkSpace\入门练习\Sample\Sample\x64\Debug\link.8968-cvtres.write.1.tlog
F:\VS WorkSpace\入门练习\Sample\Sample\x64\Debug\link.8968-rc.read.1.tlog
F:\VS WorkSpace\入门练习\Sample\Sample\x64\Debug\link.8968-rc.write.1.tlog
F:\VS WorkSpace\入门练习\Sample\Sample\x64\Debug\link.8968.read.1.tlog
F:\VS WorkSpace\入门练习\Sample\Sample\x64\Debug\link.8968.write.1.tlog
F:\VS WorkSpace\入门练习\Sample\Sample\x64\Debug\link.8976-cvtres.read.1.tlog
F:\VS WorkSpace\入门练习\Sample\Sample\x64\Debug\link.8976-cvtres.write.1.tlog
F:\VS WorkSpace\入门练习\Sample\Sample\x64\Debug\link.8976-rc.read.1.tlog
F:\VS WorkSpace\入门练习\Sample\Sample\x64\Debug\link.8976-rc.write.1.tlog
F:\VS WorkSpace\入门练习\Sample\Sample\x64\Debug\link.8976.read.1.tlog
F:\VS WorkSpace\入门练习\Sample\Sample\x64\Debug\link.8976.write.1.tlog
F:\VS WorkSpace\入门练习\Sample\Sample\x64\Debug\link.9776-cvtres.read.1.tlog
F:\VS WorkSpace\入门练习\Sample\Sample\x64\Debug\link.9776-cvtres.write.1.tlog
F:\VS WorkSpace\入门练习\Sample\Sample\x64\Debug\link.9776-rc.read.1.tlog
F:\VS WorkSpace\入门练习\Sample\Sample\x64\Debug\link.9776-rc.write.1.tlog
F:\VS WorkSpace\入门练习\Sample\Sample\x64\Debug\link.9776.read.1.tlog
F:\VS WorkSpace\入门练习\Sample\Sample\x64\Debug\link.9776.write.1.tlog
F:\VS WorkSpace\入门练习\Sample\Sample\x64\Debug\link.command.1.tlog
F:\VS WorkSpace\入门练习\Sample\Sample\x64\Debug\link.read.1.tlog
F:\VS WorkSpace\入门练习\Sample\Sample\x64\Debug\link.write.1.tlog
F:\VS WorkSpace\入门练习\Sample\Sample\x64\Debug\vc110.idb
F:\VS WorkSpace\入门练习\Sample\Sample\x64\Debug\vc110.pdb
F:\VS WorkSpace\入门练习\Sample\x64\Debug\Sample.pdb
F:\VS WorkSpace\入门练习\Sample\x64\Debug\Sample.exe
F:\VS WorkSpace\入门练习\Sample\x64\Debug\Sample.ilk
